C:\Program Files (x86)\Microsoft Visual Studio\2019\Professional\MSBuild\Microsoft\VC\v160\Microsoft.CppBuild.targets(513,5): warning MSB8028: промежуточный каталог (x64\Debug\) содержит файлы, которые используются совместно с другим проектом (_gamr.vcxproj).  Это может привести к ошибкам очистки и перестроения.
  main.cpp
D:\C++\tetris\_gamr\main.cpp(166,19): warning C4305: инициализация: усечение из "double" в "float"
D:\C++\tetris\_gamr\main.cpp(172,17): warning C4244: аргумент: преобразование "time_t" в "unsigned int", возможна потеря данных
D:\C++\tetris\_gamr\main.cpp(179,14): warning C4244: инициализация: преобразование "T" в "float", возможна потеря данных
          with
          [
              T=unsigned int
          ]
D:\C++\tetris\_gamr\main.cpp(180,14): warning C4244: инициализация: преобразование "T" в "float", возможна потеря данных
          with
          [
              T=unsigned int
          ]
D:\C++\tetris\_gamr\main.cpp(181,47): warning C4244: аргумент: преобразование "float" в "unsigned int", возможна потеря данных
D:\C++\tetris\_gamr\main.cpp(181,40): warning C4244: аргумент: преобразование "float" в "unsigned int", возможна потеря данных
D:\C++\tetris\_gamr\main.cpp(254,14): warning C4305: =: усечение из "double" в "float"
D:\C++\tetris\_gamr\main.cpp(268,65): warning C4305: =: усечение из "double" в "float"
D:\C++\tetris\_gamr\main.cpp(353,50): warning C4244: аргумент: преобразование "int" в "float", возможна потеря данных
D:\C++\tetris\_gamr\main.cpp(353,32): warning C4244: аргумент: преобразование "int" в "float", возможна потеря данных
D:\C++\tetris\_gamr\main.cpp(365,32): warning C4244: аргумент: преобразование "int" в "float", возможна потеря данных
D:\C++\tetris\_gamr\main.cpp(365,24): warning C4244: аргумент: преобразование "int" в "float", возможна потеря данных
  _gamr.vcxproj -> D:\C++\tetris\x64\Debug\tetris.exe
